{"name": "test_register_class_flow", "status": "failed", "statusDetails": {"message": "AssertionError: Locator expected to have text 're.compile('Note\\\\s+Nhận\\\\s+lớp\\\\s+E0073', re.IGNORECASE)'\nActual value: Note Nhận lớp E0610 \nCall log:\n  - Expect \"to_have_text\" with timeout 5000ms\n  - waiting for locator(\"main[role='main'] h1.h3.text-primary\").first\n    9 × locator resolved to <h1 class=\"h3 text-primary\">Note Nhận lớp E0610</h1>\n      - unexpected value \"Note Nhận lớp E0610\"", "trace": "page = <Page url='https://tutor.growgreen.edu.vn/note/E0610?step=3'>, base_url = 'https://tutor.growgreen.edu.vn/'\n\n    def test_register_class_flow(page, base_url):\n        login = LoginPage(page, base_url)\n        login.goto()\n        login.login(\"luuthianduyen@gmail.com\", \"luuthianduyen247\")\n        login.is_login_successful()\n    \n        home = HomePage(page, base_url)\n        home.goto()\n        home.open_new_classes()\n        new_classes = NewClassesPage(page, base_url)\n        new_classes.open_first_class_detail()\n    \n        detail = DetailPage(page)\n        detail.click_register()\n        detail.click_continue()\n>       detail.verify_nhan_lop_text(\"E0073\")\n\ntests\\test_class_registration.py:22: \n_ _ _ _ _ _ _ _ _ _ _ _ _ _ _ _ _ _ _ _ _ _ _ _ _ _ _ _ _ _ _ _ _ _ _ _ _ _ _ _ _ _ _ _ _ _ _ _ _ _ _ _ _ _ _ _ _ _ _ _ _ _ _ _ _ _ _ _ _ _ _ _ _ _ _ _ _ _ _ _ _ _ _ _ _ _ _ _ _ _ _ _ _ _ _ _ _ _ _ _ _ _ _ _ _ _ _ _ _ _ \n\nself = <pages.detail_page.DetailPage object at 0x000002422EAD1A90>, class_code = 'E0073'\n\n    def verify_nhan_lop_text(self, class_code: str | None = None):\n        expect(self.page).to_have_url(re.compile(r\"/note/\", re.I), timeout=15000)\n    \n        title = self.page.locator(\"main[role='main'] h1.h3.text-primary\").first\n        expect(title).to_be_visible(timeout=15000)\n        if class_code:\n>           expect(title).to_have_text(\n                re.compile(rf\"Note\\s+Nhận\\s+lớp\\s+{re.escape(class_code)}\", re.I)\n            )\nE           AssertionError: Locator expected to have text 're.compile('Note\\\\s+Nhận\\\\s+lớp\\\\s+E0073', re.IGNORECASE)'\nE           Actual value: Note Nhận lớp E0610 \nE           Call log:\nE             - Expect \"to_have_text\" with timeout 5000ms\nE             - waiting for locator(\"main[role='main'] h1.h3.text-primary\").first\nE               9 × locator resolved to <h1 class=\"h3 text-primary\">Note Nhận lớp E0610</h1>\nE                 - unexpected value \"Note Nhận lớp E0610\"\n\npages\\detail_page.py:49: AssertionError"}, "start": 1766680925006, "stop": 1766680941375, "uuid": "a4eaa0d1-0846-45b1-870c-f548b059d437", "historyId": "1be9e749a3e44e927bd3a15ed62e0402", "testCaseId": "1be9e749a3e44e927bd3a15ed62e0402", "fullName": "tests.test_class_registration#test_register_class_flow", "labels": [{"name": "parentSuite", "value": "tests"}, {"name": "suite", "value": "test_class_registration"}, {"name": "host", "value": "LTADUYEN"}, {"name": "thread", "value": "10948-MainThread"}, {"name": "framework", "value": "pytest"}, {"name": "language", "value": "cpython3"}, {"name": "package", "value": "tests.test_class_registration"}], "titlePath": ["tests", "test_class_registration.py"]}